2023-12-23 18:22:01,230 INFO o.a.j.u.JMeterUtils: Setting Locale to en_EN
2023-12-23 18:22:01,283 INFO o.a.j.JMeter: Loading user properties from: /usr/local/Cellar/jmeter/5.6.2/libexec/bin/user.properties
2023-12-23 18:22:01,286 INFO o.a.j.JMeter: Loading system properties from: /usr/local/Cellar/jmeter/5.6.2/libexec/bin/system.properties
2023-12-23 18:22:01,287 INFO o.a.j.JMeter: Setting JMeter property: host=petstore.swagger.io
2023-12-23 18:22:01,288 INFO o.a.j.JMeter: Setting JMeter property: username=avhust
2023-12-23 18:22:01,288 INFO o.a.j.JMeter: Setting JMeter property: port=80
2023-12-23 18:22:01,304 INFO o.a.j.JMeter: Copyright (c) 1998-2023 The Apache Software Foundation
2023-12-23 18:22:01,304 INFO o.a.j.JMeter: Version 5.6.2
2023-12-23 18:22:01,304 INFO o.a.j.JMeter: java.version=21.0.1
2023-12-23 18:22:01,305 INFO o.a.j.JMeter: java.vm.name=OpenJDK 64-Bit Server VM
2023-12-23 18:22:01,305 INFO o.a.j.JMeter: os.name=Mac OS X
2023-12-23 18:22:01,305 INFO o.a.j.JMeter: os.arch=x86_64
2023-12-23 18:22:01,305 INFO o.a.j.JMeter: os.version=12.7.2
2023-12-23 18:22:01,305 INFO o.a.j.JMeter: file.encoding=UTF-8
2023-12-23 18:22:01,305 INFO o.a.j.JMeter: java.awt.headless=true
2023-12-23 18:22:01,305 INFO o.a.j.JMeter: Max memory     =1073741824
2023-12-23 18:22:01,306 INFO o.a.j.JMeter: Available Processors =4
2023-12-23 18:22:01,335 INFO o.a.j.JMeter: Default Locale=English (EN)
2023-12-23 18:22:01,336 INFO o.a.j.JMeter: JMeter  Locale=English (EN)
2023-12-23 18:22:01,336 INFO o.a.j.JMeter: JMeterHome=/usr/local/Cellar/jmeter/5.6.2/libexec
2023-12-23 18:22:01,336 INFO o.a.j.JMeter: user.dir  =/Users/vavhust/Downloads/jmeter/assignment-jmeter
2023-12-23 18:22:01,337 INFO o.a.j.JMeter: PWD       =/Users/vavhust/Downloads/jmeter/assignment-jmeter
2023-12-23 18:22:01,342 INFO o.a.j.JMeter: IP: 192.168.0.83 Name: MBP-Victor.Dlink FullName: mbp-victor.dlink
2023-12-23 18:22:01,385 INFO o.a.j.s.FileServer: Default base='/Users/vavhust/Downloads/jmeter/assignment-jmeter'
2023-12-23 18:22:01,390 INFO o.a.j.s.FileServer: Set new base='/Users/vavhust/Downloads/jmeter/assignment-jmeter'
2023-12-23 18:22:01,861 INFO o.a.j.s.SaveService: Testplan (JMX) version: 2.2. Testlog (JTL) version: 2.2
2023-12-23 18:22:01,939 INFO o.a.j.s.SaveService: Using SaveService properties version 5.0
2023-12-23 18:22:01,948 INFO o.a.j.s.SaveService: Using SaveService properties file encoding UTF-8
2023-12-23 18:22:01,954 INFO o.a.j.s.SaveService: Loading file: UserApi.jmx
2023-12-23 18:22:02,106 INFO o.a.j.p.h.s.HTTPSamplerBase: Parser for text/html is org.apache.jmeter.protocol.http.parser.LagartoBasedHtmlParser
2023-12-23 18:22:02,106 INFO o.a.j.p.h.s.HTTPSamplerBase: Parser for application/xhtml+xml is org.apache.jmeter.protocol.http.parser.LagartoBasedHtmlParser
2023-12-23 18:22:02,106 INFO o.a.j.p.h.s.HTTPSamplerBase: Parser for application/xml is org.apache.jmeter.protocol.http.parser.LagartoBasedHtmlParser
2023-12-23 18:22:02,106 INFO o.a.j.p.h.s.HTTPSamplerBase: Parser for text/xml is org.apache.jmeter.protocol.http.parser.LagartoBasedHtmlParser
2023-12-23 18:22:02,106 INFO o.a.j.p.h.s.HTTPSamplerBase: Parser for text/vnd.wap.wml is org.apache.jmeter.protocol.http.parser.RegexpHTMLParser
2023-12-23 18:22:02,106 INFO o.a.j.p.h.s.HTTPSamplerBase: Parser for text/css is org.apache.jmeter.protocol.http.parser.CssParser
2023-12-23 18:22:02,187 INFO o.a.j.JMeter: Creating summariser <summary>
2023-12-23 18:22:02,234 INFO o.a.j.e.StandardJMeterEngine: Running the test!
2023-12-23 18:22:02,235 INFO o.a.j.s.SampleEvent: List of sample_variables: []
2023-12-23 18:22:02,235 INFO o.a.j.s.SampleEvent: List of sample_variables: []
2023-12-23 18:22:02,249 INFO o.a.j.e.u.CompoundVariable: Note: Function class names must contain the string: '.functions.'
2023-12-23 18:22:02,249 INFO o.a.j.e.u.CompoundVariable: Note: Function class names must not contain the string: '.gui.'
2023-12-23 18:22:02,411 INFO o.a.j.r.ClassFinder: Will scan jar /usr/local/Cellar/jmeter/5.6.2/libexec/lib/ext/jmeter-plugins-manager-1.9.jar with filter ExtendsClassFilter [parents=[interface org.apache.jmeter.functions.Function], inner=false, contains=null, notContains=null]. Consider exposing JMeter plugins via META-INF/services, and add JMeter-Skip-Class-Scanning=true manifest attribute so JMeter can skip classfile scanning
2023-12-23 18:22:02,630 INFO o.a.j.JMeter: Running test (1703348522630)
2023-12-23 18:22:02,703 INFO o.a.j.e.StandardJMeterEngine: Starting ThreadGroup: 1 : Thread Group - createUser
2023-12-23 18:22:02,704 INFO o.a.j.e.StandardJMeterEngine: Starting 1 threads for group Thread Group - createUser.
2023-12-23 18:22:02,704 INFO o.a.j.e.StandardJMeterEngine: Thread will continue on error
2023-12-23 18:22:02,705 INFO o.a.j.t.ThreadGroup: Starting thread group... number=1 threads=1 ramp-up=1 delayedStart=false
2023-12-23 18:22:02,722 INFO o.a.j.t.ThreadGroup: Started thread group number 1
2023-12-23 18:22:02,722 INFO o.a.j.e.StandardJMeterEngine: Starting ThreadGroup: 2 : Thread Group - createUsersWithArrayInput
2023-12-23 18:22:02,722 INFO o.a.j.e.StandardJMeterEngine: Starting 1 threads for group Thread Group - createUsersWithArrayInput.
2023-12-23 18:22:02,723 INFO o.a.j.e.StandardJMeterEngine: Thread will continue on error
2023-12-23 18:22:02,723 INFO o.a.j.t.ThreadGroup: Starting thread group... number=2 threads=1 ramp-up=1 delayedStart=false
2023-12-23 18:22:02,724 INFO o.a.j.t.ThreadGroup: Started thread group number 2
2023-12-23 18:22:02,724 INFO o.a.j.e.StandardJMeterEngine: Starting ThreadGroup: 3 : Thread Group - createUsersWithListInput
2023-12-23 18:22:02,724 INFO o.a.j.e.StandardJMeterEngine: Starting 1 threads for group Thread Group - createUsersWithListInput.
2023-12-23 18:22:02,724 INFO o.a.j.e.StandardJMeterEngine: Thread will continue on error
2023-12-23 18:22:02,725 INFO o.a.j.t.ThreadGroup: Starting thread group... number=3 threads=1 ramp-up=1 delayedStart=false
2023-12-23 18:22:02,726 INFO o.a.j.t.ThreadGroup: Started thread group number 3
2023-12-23 18:22:02,726 INFO o.a.j.e.StandardJMeterEngine: Starting ThreadGroup: 4 : Thread Group - deleteUser
2023-12-23 18:22:02,726 INFO o.a.j.e.StandardJMeterEngine: Starting 1 threads for group Thread Group - deleteUser.
2023-12-23 18:22:02,726 INFO o.a.j.e.StandardJMeterEngine: Thread will continue on error
2023-12-23 18:22:02,726 INFO o.a.j.t.ThreadGroup: Starting thread group... number=4 threads=1 ramp-up=1 delayedStart=false
2023-12-23 18:22:02,728 INFO o.a.j.t.ThreadGroup: Started thread group number 4
2023-12-23 18:22:02,728 INFO o.a.j.e.StandardJMeterEngine: Starting ThreadGroup: 5 : Thread Group - getUserByName
2023-12-23 18:22:02,728 INFO o.a.j.e.StandardJMeterEngine: Starting 1 threads for group Thread Group - getUserByName.
2023-12-23 18:22:02,728 INFO o.a.j.e.StandardJMeterEngine: Thread will continue on error
2023-12-23 18:22:02,729 INFO o.a.j.t.ThreadGroup: Starting thread group... number=5 threads=1 ramp-up=1 delayedStart=false
2023-12-23 18:22:02,730 INFO o.a.j.t.ThreadGroup: Started thread group number 5
2023-12-23 18:22:02,730 INFO o.a.j.e.StandardJMeterEngine: Starting ThreadGroup: 6 : Thread Group - loginUser
2023-12-23 18:22:02,730 INFO o.a.j.e.StandardJMeterEngine: Starting 1 threads for group Thread Group - loginUser.
2023-12-23 18:22:02,731 INFO o.a.j.e.StandardJMeterEngine: Thread will continue on error
2023-12-23 18:22:02,731 INFO o.a.j.t.ThreadGroup: Starting thread group... number=6 threads=1 ramp-up=1 delayedStart=false
2023-12-23 18:22:02,733 INFO o.a.j.t.ThreadGroup: Started thread group number 6
2023-12-23 18:22:02,733 INFO o.a.j.e.StandardJMeterEngine: Starting ThreadGroup: 7 : Thread Group - logoutUser
2023-12-23 18:22:02,733 INFO o.a.j.e.StandardJMeterEngine: Starting 1 threads for group Thread Group - logoutUser.
2023-12-23 18:22:02,733 INFO o.a.j.e.StandardJMeterEngine: Thread will continue on error
2023-12-23 18:22:02,733 INFO o.a.j.t.ThreadGroup: Starting thread group... number=7 threads=1 ramp-up=1 delayedStart=false
2023-12-23 18:22:02,735 INFO o.a.j.t.ThreadGroup: Started thread group number 7
2023-12-23 18:22:02,735 INFO o.a.j.e.StandardJMeterEngine: Starting ThreadGroup: 8 : Thread Group - updateUser
2023-12-23 18:22:02,735 INFO o.a.j.e.StandardJMeterEngine: Starting 1 threads for group Thread Group - updateUser.
2023-12-23 18:22:02,735 INFO o.a.j.e.StandardJMeterEngine: Thread will continue on error
2023-12-23 18:22:02,735 INFO o.a.j.t.ThreadGroup: Starting thread group... number=8 threads=1 ramp-up=1 delayedStart=false
2023-12-23 18:22:02,737 INFO o.a.j.t.ThreadGroup: Started thread group number 8
2023-12-23 18:22:02,738 INFO o.a.j.e.StandardJMeterEngine: All thread groups have been started
2023-12-23 18:22:07,705 INFO o.a.j.t.JMeterThread: Thread started: Thread Group - createUser 1-1
2023-12-23 18:22:07,707 INFO o.a.j.s.FileServer: Stored: UserApi.csv Alias: UserApi.csv@259077766
2023-12-23 18:22:07,723 INFO o.a.j.t.JMeterThread: Thread started: Thread Group - createUsersWithArrayInput 2-1
2023-12-23 18:22:07,725 INFO o.a.j.t.JMeterThread: Thread started: Thread Group - createUsersWithListInput 3-1
2023-12-23 18:22:07,726 INFO o.a.j.t.JMeterThread: Thread started: Thread Group - deleteUser 4-1
2023-12-23 18:22:07,729 INFO o.a.j.t.JMeterThread: Thread started: Thread Group - getUserByName 5-1
2023-12-23 18:22:07,731 INFO o.a.j.t.JMeterThread: Thread started: Thread Group - loginUser 6-1
2023-12-23 18:22:07,733 INFO o.a.j.t.JMeterThread: Thread started: Thread Group - logoutUser 7-1
2023-12-23 18:22:07,734 INFO o.a.j.s.FileServer: Stored: UserApi.csv Alias: UserApi.csv@12139181
2023-12-23 18:22:07,735 INFO o.a.j.s.FileServer: Stored: UserApi.csv Alias: UserApi.csv@641664202
2023-12-23 18:22:07,735 INFO o.a.j.s.FileServer: Stored: UserApi.csv Alias: UserApi.csv@268599241
2023-12-23 18:22:07,736 INFO o.a.j.s.FileServer: Stored: UserApi.csv Alias: UserApi.csv@939254952
2023-12-23 18:22:07,736 INFO o.a.j.t.JMeterThread: Thread started: Thread Group - updateUser 8-1
2023-12-23 18:22:07,737 INFO o.a.j.s.FileServer: Stored: UserApi.csv Alias: UserApi.csv@1296109622
2023-12-23 18:22:07,737 INFO o.a.j.s.FileServer: Stored: UserApi.csv Alias: UserApi.csv@273777019
2023-12-23 18:22:07,738 INFO o.a.j.s.FileServer: Stored: UserApi.csv Alias: UserApi.csv@220165304
2023-12-23 18:22:07,799 INFO o.a.j.p.h.s.HTTPHCAbstractImpl: Local host = MBP-Victor.Dlink
2023-12-23 18:22:07,821 INFO o.a.j.p.h.s.HTTPHC4Impl: HTTP request retry count = 0
2023-12-23 18:22:07,823 INFO o.a.j.s.SampleResult: Note: Sample TimeStamps are START times
2023-12-23 18:22:07,824 INFO o.a.j.s.SampleResult: sampleresult.default.encoding is set to UTF-8
2023-12-23 18:22:07,824 INFO o.a.j.s.SampleResult: sampleresult.useNanoTime=true
2023-12-23 18:22:07,824 INFO o.a.j.s.SampleResult: sampleresult.nanoThreadSleep=5000
2023-12-23 18:22:08,466 INFO o.a.j.p.h.s.h.LazyLayeredConnectionSocketFactory: Setting up HTTPS TrustAll Socket Factory
2023-12-23 18:22:08,482 INFO o.a.j.u.JsseSSLManager: Using default SSL protocol: TLS
2023-12-23 18:22:08,482 INFO o.a.j.u.JsseSSLManager: SSL session context: per-thread
2023-12-23 18:22:08,741 INFO o.a.j.u.SSLManager: JmeterKeyStore Location:  type JKS
2023-12-23 18:22:08,748 INFO o.a.j.u.SSLManager: KeyStore created OK
2023-12-23 18:22:08,748 WARN o.a.j.u.SSLManager: Keystore file not found, loading empty keystore
2023-12-23 18:22:09,664 INFO o.a.j.t.JMeterThread: Stopping because end time detected by thread: Thread Group - createUsersWithArrayInput 2-1
2023-12-23 18:22:09,667 INFO o.a.j.t.JMeterThread: Stopping because end time detected by thread: Thread Group - createUsersWithListInput 3-1
2023-12-23 18:22:09,668 INFO o.a.j.t.JMeterThread: Stopping because end time detected by thread: Thread Group - createUser 1-1
2023-12-23 18:22:09,672 INFO o.a.j.t.JMeterThread: Thread finished: Thread Group - createUsersWithArrayInput 2-1
2023-12-23 18:22:09,672 INFO o.a.j.t.JMeterThread: Stopping because end time detected by thread: Thread Group - getUserByName 5-1
2023-12-23 18:22:09,673 INFO o.a.j.t.JMeterThread: Stopping because end time detected by thread: Thread Group - logoutUser 7-1
2023-12-23 18:22:09,673 INFO o.a.j.t.JMeterThread: Stopping because end time detected by thread: Thread Group - loginUser 6-1
2023-12-23 18:22:09,674 INFO o.a.j.t.JMeterThread: Thread finished: Thread Group - getUserByName 5-1
2023-12-23 18:22:09,675 INFO o.a.j.t.JMeterThread: Thread finished: Thread Group - createUser 1-1
2023-12-23 18:22:09,674 INFO o.a.j.t.JMeterThread: Stopping because end time detected by thread: Thread Group - deleteUser 4-1
2023-12-23 18:22:09,676 INFO o.a.j.t.JMeterThread: Thread finished: Thread Group - createUsersWithListInput 3-1
2023-12-23 18:22:09,677 INFO o.a.j.t.JMeterThread: Thread finished: Thread Group - deleteUser 4-1
2023-12-23 18:22:09,678 INFO o.a.j.t.JMeterThread: Thread finished: Thread Group - loginUser 6-1
2023-12-23 18:22:09,678 INFO o.a.j.t.JMeterThread: Thread finished: Thread Group - logoutUser 7-1
2023-12-23 18:22:09,679 INFO o.a.j.t.JMeterThread: Stopping because end time detected by thread: Thread Group - updateUser 8-1
2023-12-23 18:22:09,680 INFO o.a.j.t.JMeterThread: Thread finished: Thread Group - updateUser 8-1
2023-12-23 18:22:09,684 INFO o.a.j.e.StandardJMeterEngine: Notifying test listeners of end of test
2023-12-23 18:22:09,685 INFO o.a.j.s.FileServer: Close: UserApi.csv@641664202
2023-12-23 18:22:09,685 INFO o.a.j.s.FileServer: Close: UserApi.csv@939254952
2023-12-23 18:22:09,685 INFO o.a.j.s.FileServer: Close: UserApi.csv@220165304
2023-12-23 18:22:09,685 INFO o.a.j.s.FileServer: Close: UserApi.csv@273777019
2023-12-23 18:22:09,685 INFO o.a.j.s.FileServer: Close: UserApi.csv@268599241
2023-12-23 18:22:09,685 INFO o.a.j.s.FileServer: Close: UserApi.csv@259077766
2023-12-23 18:22:09,685 INFO o.a.j.s.FileServer: Close: UserApi.csv@1296109622
2023-12-23 18:22:09,685 INFO o.a.j.s.FileServer: Close: UserApi.csv@12139181
2023-12-23 18:22:09,689 INFO o.a.j.r.Summariser: summary =      8 in 00:00:07 =    1.1/s Avg:  1677 Min:  1667 Max:  1686 Err:     3 (37.50%)
